2025-09-08 07:27:17.795185 starting: opening PstFrom.log for logging
2025-09-08 07:27:17.795185 starting PstFrom process
2025-09-08 07:27:17.795185 starting: setting up dirs
2025-09-08 07:27:17.795185 starting: removing existing new_d '_RES\02a_Frey_PEST_01\TB'
2025-09-08 07:27:17.795185 finished: removing existing new_d '_RES\02a_Frey_PEST_01\TB' took: 0:00:00
2025-09-08 07:27:17.795185 starting: copying original_d '_RES\02a_Frey_PEST_01\TA' to new_d '_RES\02a_Frey_PEST_01\TB'
2025-09-08 07:27:18.410538 finished: copying original_d '_RES\02a_Frey_PEST_01\TA' to new_d '_RES\02a_Frey_PEST_01\TB' took: 0:00:00.615353
2025-09-08 07:27:18.410538 finished: setting up dirs took: 0:00:00.615353
2025-09-08 07:27:18.517440 transform was not passed, setting default tranform to 'log'
2025-09-08 07:27:18.517440 starting: adding grid type m style parameters for file(s) ['freyberg6.npf_k_layer1.txt']
2025-09-08 07:27:18.517440 starting: loading array _RES\02a_Frey_PEST_01\TB\freyberg6.npf_k_layer1.txt
2025-09-08 07:27:18.529790 finished: loading array _RES\02a_Frey_PEST_01\TB\freyberg6.npf_k_layer1.txt took: 0:00:00.012350
2025-09-08 07:27:18.529790 loaded array '_RES\02a_Frey_PEST_01\TA\freyberg6.npf_k_layer1.txt' of shape (40, 20)
2025-09-08 07:27:18.531785 starting: writing array-style template file '_RES\02a_Frey_PEST_01\TB\p_inst0_grid.csv.tpl'
2025-09-08 07:27:18.532784 starting: writing template file _RES\02a_Frey_PEST_01\TB\p_inst0_grid.csv.tpl for ['p_inst:0']
2025-09-08 07:27:18.542219 finished: writing template file _RES\02a_Frey_PEST_01\TB\p_inst0_grid.csv.tpl for ['p_inst:0'] took: 0:00:00.009435
2025-09-08 07:27:18.542219 starting: writing array-based template file '_RES\02a_Frey_PEST_01\TB\p_inst0_grid.csv.tpl'
2025-09-08 07:27:18.542219 finished: adding grid type m style parameters for file(s) ['freyberg6.npf_k_layer1.txt'] took: 0:00:00.024779
2025-09-08 07:27:18.554822 starting: adding observations from output file heads.csv
2025-09-08 07:27:18.554822 starting: adding observations from tabular output file '['heads.csv']'
2025-09-08 07:27:18.554822 starting: reading list-style file: _RES\02a_Frey_PEST_01\TB\heads.csv
2025-09-08 07:27:18.558823 finished: reading list-style file: _RES\02a_Frey_PEST_01\TB\heads.csv took: 0:00:00.004001
2025-09-08 07:27:18.560823 starting: building insfile for tabular output file heads.csv
2025-09-08 07:27:18.566821 finished: building insfile for tabular output file heads.csv took: 0:00:00.005998
2025-09-08 07:27:18.566821 starting: adding observation from instruction file '_RES\02a_Frey_PEST_01\TB\heads.csv.ins'
2025-09-08 07:27:18.574844 finished: adding observation from instruction file '_RES\02a_Frey_PEST_01\TB\heads.csv.ins' took: 0:00:00.008023
2025-09-08 07:27:18.575844 finished: adding observations from tabular output file '['heads.csv']' took: 0:00:00.021022
2025-09-08 07:27:18.575844 finished: adding observations from output file heads.csv took: 0:00:00.021022
2025-09-08 07:27:18.648645 forward_run line:pyemu.os_utils.run(r'mf6')

